#
# A fatal error has been detected by the Java Runtime Environment:
#
#  EXCEPTION_ACCESS_VIOLATION (0xc0000005) at pc=0x64ffd3b5, pid=11048, tid=0x0000100c
#
# JRE version: Java(TM) SE Runtime Environment (8.0_261-b12) (build 1.8.0_261-b12)
# Java VM: Java HotSpot(TM) Client VM (25.261-b12 mixed mode, sharing windows-x86 )
# Problematic frame:
# V  [jvm.dll+0xdd3b5]
#
# Failed to write core dump. Minidumps are not enabled by default on client versions of Windows
#
# If you would like to submit a bug report, please visit:
#   http://bugreport.java.com/bugreport/crash.jsp
#

---------------  T H R E A D  ---------------

Current thread (0x16637800):  JavaThread "AWT-EventQueue-0" [_thread_in_vm, id=4108, stack(0x18060000,0x180b0000)]

siginfo: ExceptionCode=0xc0000005, reading address 0x00000000

Registers:
EAX=0x00000000, EBX=0x16637800, ECX=0xc3982987, EDX=0x65286800
ESP=0x180ad5b0, EBP=0x180ad5f8, ESI=0x16637800, EDI=0x16637940
EIP=0x64ffd3b5, EFLAGS=0x00010246

Top of Stack: (sp=0x180ad5b0)
0x180ad5b0:   16637800 180ae3b4 15470040 64f29d44
0x180ad5c0:   16637800 180ae5e4 180ad5f8 65008707
0x180ad5d0:   16637800 00000006 00000004 16637800
0x180ad5e0:   180ae3b4 15470040 16637800 00000000
0x180ad5f0:   00000011 016b5d32 180ad6e8 17ab662f
0x180ad600:   16637940 00000000 1768ed50 167e430c
0x180ad610:   17ac4f47 00000000 16637800 16637800
0x180ad620:   167e430c 00000009 14c05f60 00000000 

Instructions: (pc=0x64ffd3b5)
0x64ffd395:   00 00 00 00 74 08 8d 4d f0 e8 1d 88 0d 00 8b 45
0x64ffd3a5:   0c a8 01 74 0b 50 e8 40 8e 08 00 83 c4 04 eb 02
0x64ffd3b5:   8b 00 50 e8 e3 6f f6 ff 8b f0 83 c4 04 8b ce 8b
0x64ffd3c5:   06 53 6a 00 ff 50 3c 8b 43 04 85 c0 74 04 33 c9 


Register to memory mapping:

EAX=0x00000000 is an unknown value
EBX=0x16637800 is a thread
ECX=0xc3982987 is an unknown value
EDX=0x65286800 is an unknown value
ESP=0x180ad5b0 is pointing into the stack for thread: 0x16637800
EBP=0x180ad5f8 is pointing into the stack for thread: 0x16637800
ESI=0x16637800 is a thread
EDI=0x16637940 is an unknown value


Stack: [0x18060000,0x180b0000],  sp=0x180ad5b0,  free space=309k
Native frames: (J=compiled Java code, j=interpreted, Vv=VM code, C=native code)
V  [jvm.dll+0xdd3b5]
C