#
# A fatal error has been detected by the Java Runtime Environment:
#
#  EXCEPTION_ACCESS_VIOLATION (0xc0000005) at pc=0x6a507c09, pid=4228, tid=0x00002614
#
# JRE version: Java(TM) SE Runtime Environment (8.0_221-b11) (build 1.8.0_221-b11)
# Java VM: Java HotSpot(TM) Client VM (25.221-b11 mixed mode, sharing windows-x86 )
# Problematic frame:
# V  [jvm.dll+0xd7c09]
#
# Failed to write core dump. Minidumps are not enabled by default on client versions of Windows
#
# If you would like to submit a bug report, please visit:
#   http://bugreport.java.com/bugreport/crash.jsp
#

---------------  T H R E A D  ---------------

Current thread (0x1f321c00):  JavaThread "Thread-7" [_thread_in_vm, id=9748, stack(0x20f00000,0x20f50000)]

siginfo: ExceptionCode=0xc0000005, reading address 0x00000000

Registers:
EAX=0x00000000, EBX=0x09b39501, ECX=0x00000000, EDX=0x6a78d7c8
ESP=0x20f4edac, EBP=0x20f4edb8, ESI=0x1f572aa8, EDI=0x1f321c00
EIP=0x6a507c09, EFLAGS=0x00010202

Top of Stack: (sp=0x20f4edac)
0x20f4edac:   1f321c00 046cba20 09b395e0 20f4f038
0x20f4edbc:   1fce1528 1f321d40 1f572aa8 00000000
0x20f4edcc:   00000000 00000000 20f4ede8 00000000
0x20f4eddc:   1fce1451 20f4ee00 20f4edfc 20f4f60c
0x20f4edec:   02492648 2037877c 00000000 00000000
0x20f4edfc:   1fce141e 20f4ee34 6a437353 1f321c00
0x20f4ee0c:   31ed65f5 00000004 1f321c00 09b395e0
0x20f4ee1c:   20f4ee0c 1f321c00 20f4f6cc 6a6f3b2a 

Instructions: (pc=0x6a507c09)
0x6a507be9:   20 0a 00 33 ff eb 02 8b f9 6a 06 57 e8 06 f8 f2
0x6a507bf9:   ff 8b 75 0c 83 c4 08 b3 01 85 f6 74 39 8b 45 10
0x6a507c09:   8b 00 50 32 db e8 4d b1 f6 ff 83 c4 04 85 c0 74
0x6a507c19:   25 8b 0e 8b 49 04 8b 50 08 39 04 0a 75 04 b0 01 


Register to memory mapping:

EAX=0x00000000 is an unknown value
EBX=0x09b39501 is pointing into object: 0x09b394e0
java.util.HashMap 
 - klass: 'java/util/HashMap'
ECX=0x00000000 is an unknown value
EDX=0x6a78d7c8 is an unknown value
ESP=0x20f4edac is pointing into the stack for thread: 0x1f321c00
EBP=0x20f4edb8 is pointing into the stack for thread: 0x1f321c00
ESI=0x1f572aa8 is an unknown value
EDI=0x1f321c00 is a thread


Stack: [0x20f00000,0x20f50000],  sp=0x20f4edac,  free space=315k
Native frames: (J=compiled Java code, j=interpreted, Vv=VM code, C=native code)
V  [jvm.dll+0xd7c09]
C  [jna233190190007752418.tmp+0x1528]
C  [jna233190190007752418.tmp+0x2881]
J 1209  com.sun.jna.Function.invokeInt(I[Ljava/lang/Object;)I (0 bytes) @ 0x024b93ad [0x024b9310+0x9d]
J 55974 C1 com.sun.jna.Function.invoke([Ljava/lang/Object;Ljava/lang/Class;Z)Ljava/lang/Object; (1141 bytes) @ 0x02528f40 [0x025276a0+0x18a0]
J 312 C1 com.sun.jna.Function.invoke(Ljava/lang/Class;[Ljava/lang/Object;Ljava/util/Map;)Ljava/lang/Object; (572 bytes) @ 0x0241a47c [0x02419ff0+0x48c]
J 1198 C1 com.sun.jna.Library$Handler.invoke(Ljava/lang/Object;Ljava/lang/reflect/Method;[Ljava/lang/Object;)Ljava/lang/Object; (348 bytes) @ 0x024badd4 [0x024ba5c0+0x814]
J 61456 C1 com.sun.proxy.$Proxy0.SystemParametersInfoW(IILcom/group_finity/mascot/win/jna/RECT;I)I (63 bytes) @ 0x025c5d2c [0x025c59a0+0x38c]
J 61536 C1 com.group_finity.mascot.win.WindowsEnvironment.getWorkAreaRect()Ljava/awt/Rectangle; (56 bytes) @ 0x024b0ef0 [0x024b0e60+0x90]
J 25501 C1 com.group_finity.mascot.win.WindowsEnvironment.tick()V (72 bytes) @ 0x02530b8c [0x02530b00+0x8c]
J 1458 C1 com.group_finity.mascot.Manager.tick()V (230 bytes) @ 0x02577c34 [0x02577c00+0x34]
J 1435% C1 com.group_finity.mascot.Manager$2.run()V (70 bytes) @ 0x02574870 [0x02574770+0x100]
v  ~StubRoutines::call_stub
V  [jvm.dll+0x15c435]
V  [jvm.dll+0x2252be]
V  [jvm.dll+0x15c4ce]
V  [jvm.dll+0x15c656]
V  [jvm.dll+0x15c6c7]
V  [jvm.dll+0x10016f]
V  [jvm.dll+0x17f670]
V  [jvm.dll+0x17feea]
V  [jvm.dll+0x1c6b66]
C  [msvcr100.dll+0x5c556]
C  [msvcr100.dll+0x5c600]
C  [KERNEL32.DLL+0x18494]
C  [ntdll.dll+0x641c8]
C  [ntdll.dll+0x64198]
C  0x00000000

Java frames: (J=compiled Java code, j=interpreted, Vv=VM code)
J 1209  com.sun.jna.Function.invokeInt(I[Ljava/lang/Object;)I (0 bytes) @ 0x024b9369 [0x024b9310+0x59]
J 55974 C1 com.sun.jna.Function.invoke([Ljava/lang/Object;Ljava/lang/Class;Z)Ljava/lang/Object; (1141 bytes) @ 0x02528f40 [0x025276a0+0x18a0]
J 312 C1 com.sun.jna.Function.invoke(Ljava/lang/Class;[Ljava/lang/Object;Ljava/util/Map;)Ljava/lang/Object; (572 bytes) @ 0x0241a47c [0x02419ff0+0x48c]
J 1198 C1 com.sun.jna.Library$Handler.invoke(Ljava/lang/Object;Ljava/lang/reflect/Method;[Ljava/lang/Object;)Ljava/lang/Object; (348 bytes) @ 0x024badd4 [0x024ba5c0+0x814]
J 61456 C1 com.sun.proxy.$Proxy0.SystemParametersInfoW(IILcom/group_finity/mascot/win/jna/RECT;I)I (63 bytes) @ 0x025c5d2c [0x025c59a0+0x38c]
J 61536 C1 com.group_finity.mascot.win.WindowsEnvironment.getWorkAreaRect()Ljava/awt/Rectangle; (56 bytes) @ 0x024b0ef0 [0x024b0e60+0x90]
J 25501 C1 com.group_finity.mascot.win.WindowsEnvironment.tick()V (72 bytes) @ 0x02530b8c [0x02530b00+0x8c]
J 1458 C1 com.group_finity.mascot.Manager.tick()V (230 bytes) @ 0x02577c34 [0x02577c00+0x34]
J 1435% C1 com.group_finity.mascot.Manager$2.run()V (70 bytes) @ 0x02574870 [0x02574770+0x100]
v  ~StubRoutines::call_stub

---------------  P R O C E S S  ---------------

Java Threads: ( => current thread )
  0x1f5fe800 JavaThread "Thread-2" daemon [_thread_in_native, id=6848, stack(0x20fa0000,0x20ff0000)]
  0x1f5ffc00 JavaThread "Thread-0" [_thread_blocked, id=11280, stack(0x20a70000,0x20ac0000)]
  0x1f5fec00 JavaThread "Thread-5" [_thread_blocked, id=15840, stack(0x209e0000,0x20a30000)]
  0x1f323000 JavaThread "SIGTERM handler" daemon [_thread_blocked, id=9892, stack(0x20950000,0x209a0000)]
  0x1f3f6c00 JavaThread "TimerQueue" daemon [_thread_blocked, id=14492, stack(0x20780000,0x207d0000)]
  0x022dc800 JavaThread "DestroyJavaVM" [_thread_blocked, id=6164, stack(0x00b70000,0x00bc0000)]
=>0x1f321c00 JavaThread "Thread-7" [_thread_in_vm, id=9748, stack(0x20f00000,0x20f50000)]
  0x1f508800 JavaThread "AWT-EventQueue-0" [_thread_blocked, id=7896, stack(0x20300000,0x20350000)]
  0x1f506c00 JavaThread "AWT-Shutdown" [_thread_blocked, id=8860, stack(0x20270000,0x202c0000)]
  0x1f466800 JavaThread "Thread-4" daemon [_thread_blocked, id=10444, stack(0x15e50000,0x15ea0000)]
  0x15914c00 JavaThread "AWT-Windows" daemon [_thread_blocked, id=2748, stack(0x15ee0000,0x15f30000)]
  0x15913800 JavaThread "Java2D Disposer" daemon [_thread_blocked, id=2840, stack(0x15ba0000,0x15bf0000)]
  0x1597b000 JavaThread "Thread-1" daemon [_thread_blocked, id=11032, stack(0x15b10000,0x15b60000)]
  0x021e7c00 JavaThread "Service Thread" daemon [_thread_blocked, id=2992, stack(0x157f0000,0x15840000)]
  0x021c0400 JavaThread "C1 CompilerThread0" daemon [_thread_blocked, id=3064, stack(0x15760000,0x157b0000)]
  0x021bf400 JavaThread "Attach Listener" daemon [_thread_blocked, id=9020, stack(0x156d0000,0x15720000)]
  0x021bdc00 JavaThread "Signal Dispatcher" daemon [_thread_blocked, id=2792, stack(0x14f40000,0x14f90000)]
  0x021b4c00 JavaThread "Finalizer" daemon [_thread_blocked, id=6244, stack(0x14eb0000,0x14f00000)]
  0x02155c00 JavaThread "Reference Handler" daemon [_thread_blocked, id=6248, stack(0x14e20000,0x14e70000)]

Other Threads:
  0x02153000 VMThread [stack: 0x04340000,0x04390000] [id=3628]
  0x021f5c00 WatcherThread [stack: 0x15880000,0x158d0000] [id=7524]

VM state:synchronizing (normal execution)

VM Mutex/Monitor currently owned by a thread:  ([mutex/lock_event])
[0x022da660] Threads_lock - owner thread: 0x02153000

Heap:
 def new generation   total 10880K, used 4349K [0x04400000, 0x04fc0000, 0x09950000)
  eden space 9728K,  32% used [0x04400000, 0x0471f458, 0x04d80000)
  from space 1152K,  99% used [0x04ea0000, 0x04fbfff8, 0x04fc0000)
  to   space 1152K,   0% used [0x04d80000, 0x04d80000, 0x04ea0000)
 tenured generation   total 24032K, used 15131K [0x09950000, 0x0b0c8000, 0x14400000)
   the space 24032K,  62% used [0x09950000, 0x0a816fe0, 0x0a817000, 0x0b0c8000)
 Metaspace       used 6157K, capacity 7044K, committed 7808K, reserved 8576K

Card table byte_map: [0x02230000,0x022c0000] byte_map_base: 0x0220e000

Polling page: 0x00260000

CodeCache: size=32768Kb used=2442Kb max_used=3143Kb free=30325Kb
 bounds [0x022e0000, 0x025f8000, 0x042e0000]
 total_blobs=1593 nmethods=1332 adapters=191
 compilation: enabled

Compilation events (10 events):
Event: 22166.854 Thread 0x021c0400 62005             com.group_finity.mascot.environment.FloorCeiling::getDY (25 bytes)
Event: 22166.855 Thread 0x021c0400 nmethod 62005 0x025b4f48 code [0x025b5040, 0x025b50f0]
Event: 22166.855 Thread 0x021c0400 62006             com.group_finity.mascot.environment.FloorCeiling::isBottom (5 bytes)
Event: 22166.855 Thread 0x021c0400 nmethod 62006 0x025b4d88 code [0x025b4e80, 0x025b4f00]
Event: 22168.053 Thread 0x021c0400 62007   !         com.sun.proxy.$Proxy1::CreateCompatibleDC (36 bytes)
Event: 22168.053 Thread 0x021c0400 nmethod 62007 0x024c0248 code [0x024c0370, 0x024c0608]
Event: 22174.654 Thread 0x021c0400 62008   !         com.sun.proxy.$Proxy0::GetDC (36 bytes)
Event: 22174.654 Thread 0x021c0400 nmethod 62008 0x025084c8 code [0x025085f0, 0x02508888]
Event: 22180.614 Thread 0x021c0400 62009             java.awt.Toolkit::notifyAWTEventListeners (36 bytes)
Event: 22180.614 Thread 0x021c0400 nmethod 62009 0x024caa48 code [0x024cab70, 0x024caca4]

GC Heap History (10 events):
Event: 22129.889 GC heap before
{Heap before GC invocations=5492 (full 184):
 def new generation   total 10880K, used 10219K [0x04400000, 0x04fc0000, 0x09950000)
  eden space 9728K, 100% used [0x04400000, 0x04d80000, 0x04d80000)
  from space 1152K,  42% used [0x04d80000, 0x04dfafc8, 0x04ea0000)
  to   space 1152K,   0% used [0x04ea0000, 0x04ea0000, 0x04fc0000)
 tenured generation   total 24032K, used 21183K [0x09950000, 0x0b0c8000, 0x14400000)
   the space 24032K,  88% used [0x09950000, 0x0adffd58, 0x0adffe00, 0x0b0c8000)
 Metaspace       used 6316K, capacity 7399K, committed 7808K, reserved 8576K
Event: 22129.894 GC heap after
Heap after GC invocations=5493 (full 184):
 def new generation   total 10880K, used 1151K [0x04400000, 0x04fc0000, 0x09950000)
  eden space 9728K,   0% used [0x04400000, 0x04400000, 0x04d80000)
  from space 1152K,  99% used [0x04ea0000, 0x04fbfff8, 0x04fc0000)
  to   space 1152K,   0% used [0x04d80000, 0x04d80000, 0x04ea0000)
 tenured generation   total 24032K, used 21856K [0x09950000, 0x0b0c8000, 0x14400000)
   the space 24032K,  90% used [0x09950000, 0x0aea81f8, 0x0aea8200, 0x0b0c8000)
 Metaspace       used 6316K, capacity 7399K, committed 7808K, reserved 8576K
}
Event: 22141.293 GC heap before
{Heap before GC invocations=5493 (full 184):
 def new generation   total 10880K, used 10879K [0x04400000, 0x04fc0000, 0x09950000)
  eden space 9728K, 100% used [0x04400000, 0x04d80000, 0x04d80000)
  from space 1152K,  99% used [0x04ea0000, 0x04fbfff8, 0x04fc0000)
  to   space 1152K,   0% used [0x04d80000, 0x04d80000, 0x04ea0000)
 tenured generation   total 24032K, used 21856K [0x09950000, 0x0b0c8000, 0x14400000)
   the space 24032K,  90% used [0x09950000, 0x0aea81f8, 0x0aea8200, 0x0b0c8000)
 Metaspace       used 6316K, capacity 7399K, committed 7808K, reserved 8576K
Event: 22141.302 GC heap after
Heap after GC invocations=5494 (full 184):
 def new generation   total 10880K, used 1152K [0x04400000, 0x04fc0000, 0x09950000)
  eden space 9728K,   0% used [0x04400000, 0x04400000, 0x04d80000)
  from space 1152K, 100% used [0x04d80000, 0x04ea0000, 0x04ea0000)
  to   space 1152K,   0% used [0x04ea0000, 0x04ea0000, 0x04fc0000)
 tenured generation   total 24032K, used 23306K [0x09950000, 0x0b0c8000, 0x14400000)
   the space 24032K,  96% used [0x09950000, 0x0b012b48, 0x0b012c00, 0x0b0c8000)
 Metaspace       used 6316K, capacity 7399K, committed 7808K, reserved 8576K
}
Event: 22152.573 GC heap before
{Heap before GC invocations=5494 (full 184):
 def new generation   total 10880K, used 10880K [0x04400000, 0x04fc0000, 0x09950000)
  eden space 9728K, 100% used [0x04400000, 0x04d80000, 0x04d80000)
  from space 1152K, 100% used [0x04d80000, 0x04ea0000, 0x04ea0000)
  to   space 1152K,   0% used [0x04ea0000, 0x04ea0000, 0x04fc0000)
 tenured generation   total 24032K, used 23306K [0x09950000, 0x0b0c8000, 0x14400000)
   the space 24032K,  96% used [0x09950000, 0x0b012b48, 0x0b012c00, 0x0b0c8000)
 Metaspace       used 6316K, capacity 7399K, committed 7808K, reserved 8576K
Event: 22152.597 GC heap after
Heap after GC invocations=5495 (full 185):
 def new generation   total 10880K, used 0K [0x04400000, 0x04fc0000, 0x09950000)
  eden space 9728K,   0% used [0x04400000, 0x04400000, 0x04d80000)
  from space 1152K,   0% used [0x04ea0000, 0x04ea0000, 0x04fc0000)
  to   space 1152K,   0% used [0x04d80000, 0x04d80000, 0x04ea0000)
 tenured generation   total 24032K, used 12286K [0x09950000, 0x0b0c8000, 0x14400000)
   the space 24032K,  51% used [0x09950000, 0x0a54f968, 0x0a54fa00, 0x0b0c8000)
 Metaspace       used 6140K, capacity 7012K, committed 7808K, reserved 8576K
}
Event: 22166.333 GC heap before
{Heap before GC invocations=5495 (full 185):
 def new generation   total 10880K, used 9728K [0x04400000, 0x04fc0000, 0x09950000)
  eden space 9728K, 100% used [0x04400000, 0x04d80000, 0x04d80000)
  from space 1152K,   0% used [0x04ea0000, 0x04ea0000, 0x04fc0000)
  to   space 1152K,   0% used [0x04d80000, 0x04d80000, 0x04ea0000)
 tenured generation   total 24032K, used 12286K [0x09950000, 0x0b0c8000, 0x14400000)
   the space 24032K,  51% used [0x09950000, 0x0a54f968, 0x0a54fa00, 0x0b0c8000)
 Metaspace       used 6140K, capacity 7012K, committed 7808K, reserved 8576K
Event: 22166.339 GC heap after
Heap after GC invocations=5496 (full 185):
 def new generation   total 10880K, used 1151K [0x04400000, 0x04fc0000, 0x09950000)
  eden space 9728K,   0% used [0x04400000, 0x04400000, 0x04d80000)
  from space 1152K,  99% used [0x04d80000, 0x04e9ffe8, 0x04ea0000)
  to   space 1152K,   0% used [0x04ea0000, 0x04ea0000, 0x04fc0000)
 tenured generation   total 24032K, used 13255K [0x09950000, 0x0b0c8000, 0x14400000)
   the space 24032K,  55% used [0x09950000, 0x0a641ee8, 0x0a642000, 0x0b0c8000)
 Metaspace       used 6140K, capacity 7012K, committed 7808K, reserved 8576K
}
Event: 22179.973 GC heap before
{Heap before GC invocations=5496 (full 185):
 def new generation   total 10880K, used 10879K [0x04400000, 0x04fc0000, 0x09950000)
  eden space 9728K, 100% used [0x04400000, 0x04d80000, 0x04d80000)
  from space 1152K,  99% used [0x04d80000, 0x04e9ffe8, 0x04ea0000)
  to   space 1152K,   0% used [0x04ea0000, 0x04ea0000, 0x04fc0000)
 tenured generation   total 24032K, used 13255K [0x09950000, 0x0b0c8000, 0x14400000)
   the space 24032K,  55% used [0x09950000, 0x0a641ee8, 0x0a642000, 0x0b0c8000)
 Metaspace       used 6140K, capacity 7012K, committed 7808K, reserved 8576K
Event: 22179.979 GC heap after
Heap after GC invocations=5497 (full 185):
 def new generation   total 10880K, used 1151K [0x04400000, 0x04fc0000, 0x09950000)
  eden space 9728K,   0% used [0x04400000, 0x04400000, 0x04d80000)
  from space 1152K,  99% used [0x04ea0000, 0x04fbfff8, 0x04fc0000)
  to   space 1152K,   0% used [0x04d80000, 0x04d80000, 0x04ea0000)
 tenured generation   total 24032K, used 15131K [0x09950000, 0x0b0c8000, 0x14400000)
   the space 24032K,  62% used [0x09950000, 0x0a816fe0, 0x0a817000, 0x0b0c8000)
 Metaspace       used 6140K, capacity 7012K, committed 7808K, reserved 8576K
}

Deoptimization events (0 events):
No events

Classes redefined (0 events):
No events

Internal exceptions (10 events):
Event: 7.129 Thread 0x022dc800 Exception <a 'java/security/PrivilegedActionException'> (0x0450cbb8) thrown at [C:\re\workspace\8-2-build-windows-i586-cygwin\jdk8u221\13320\hotspot\src\share\vm\prims\jvm.cpp, line 1502]
Event: 7.129 Thread 0x022dc800 Exception <a 'java/security/PrivilegedActionException'> (0x04510a30) thrown at [C:\re\workspace\8-2-build-windows-i586-cygwin\jdk8u221\13320\hotspot\src\share\vm\prims\jvm.cpp, line 1502]
Event: 7.129 Thread 0x022dc800 Exception <a 'java/security/PrivilegedActionException'> (0x04510c30) thrown at [C:\re\workspace\8-2-build-windows-i586-cygwin\jdk8u221\13320\hotspot\src\share\vm\prims\jvm.cpp, line 1502]
Event: 7.793 Thread 0x022dc800 Exception <a 'java/io/FileNotFoundException'> (0x045325d0) thrown at [C:\re\workspace\8-2-build-windows-i586-cygwin\jdk8u221\13320\hotspot\src\share\vm\prims\jni.cpp, line 710]
Event: 8.117 Thread 0x022dc800 Exception <a 'java/lang/NoSuchFieldError': method resolution failed> (0x045ef928) thrown at [C:\re\workspace\8-2-build-windows-i586-cygwin\jdk8u221\13320\hotspot\src\share\vm\prims\methodHandles.cpp, line 1167]
Event: 8.119 Thread 0x022dc800 Exception <a 'java/lang/NoSuchFieldError': method resolution failed> (0x045fbac8) thrown at [C:\re\workspace\8-2-build-windows-i586-cygwin\jdk8u221\13320\hotspot\src\share\vm\prims\methodHandles.cpp, line 1167]
Event: 9.040 Thread 0x022dc800 Exception <a 'java/io/FileNotFoundException'> (0x04695560) thrown at [C:\re\workspace\8-2-build-windows-i586-cygwin\jdk8u221\13320\hotspot\src\share\vm\prims\jni.cpp, line 710]
Event: 13.071 Thread 0x022dc800 Exception <a 'java/io/FileNotFoundException'> (0x04764598) thrown at [C:\re\workspace\8-2-build-windows-i586-cygwin\jdk8u221\13320\hotspot\src\share\vm\prims\jni.cpp, line 710]
Event: 13.072 Thread 0x022dc800 Exception <a 'java/io/FileNotFoundException'> (0x04766bf8) thrown at [C:\re\workspace\8-2-build-windows-i586-cygwin\jdk8u221\13320\hotspot\src\share\vm\prims\jni.cpp, line 710]
Event: 23.451 Thread 0x022dc800 Exception <a 'java/lang/ClassNotFoundException': jdk/nashorn/internal/runtime/ScriptFunction> (0x04810bd8) thrown at [C:\re\workspace\8-2-build-windows-i586-cygwin\jdk8u221\13320\hotspot\src\share\vm\classfile\systemDictionary.cpp, line 210]

Events (10 events):
Event: 22186.722 loading class sun/misc/Signal$1 done
Event: 22186.836 Thread 0x1f323000 Thread added: 0x1f323000
Event: 22187.870 Thread 0x1f5fec00 Thread added: 0x1f5fec00
Event: 22187.870 Thread 0x1f5ffc00 Thread added: 0x1f5ffc00
Event: 22187.871 Thread 0x1f5fe000 Thread added: 0x1f5fe000
Event: 22187.871 Thread 0x1f5fe800 Thread added: 0x1f5fe800
Event: 22187.871 Thread 0x1f5ff400 Thread added: 0x1f5ff400
Event: 22187.871 Thread 0x1f5fe000 Thread exited: 0x1f5fe000
Event: 22187.871 Thread 0x1f3e5800 Thread exited: 0x1f3e5800
Event: 22187.871 loading class java/util/WeakHashMap$KeyIterator


Dynamic libraries:
0x00be0000 - 0x00c13000 	C:\Program Files (x86)\Java\jre1.8.0_221\bin\javaw.exe
0x77a90000 - 0x77c20000 	C:\WINDOWS\SYSTEM32\ntdll.dll
0x75e50000 - 0x75f30000 	C:\WINDOWS\System32\KERNEL32.DLL
0x6e040000 - 0x6e050000 	C:\Program Files\AVAST Software\Avast\x86\aswhook.dll
0x763f0000 - 0x765d4000 	C:\WINDOWS\System32\KERNELBASE.dll
0x76fe0000 - 0x77058000 	C:\WINDOWS\System32\ADVAPI32.dll
0x758c0000 - 0x7597f000 	C:\WINDOWS\System32\msvcrt.dll
0x74400000 - 0x74444000 	C:\WINDOWS\System32\sechost.dll
0x757a0000 - 0x75860000 	C:\WINDOWS\System32\RPCRT4.dll
0x74350000 - 0x74370000 	C:\WINDOWS\System32\SspiCli.dll
0x74340000 - 0x7434a000 	C:\WINDOWS\System32\CRYPTBASE.dll
0x765f0000 - 0x76647000 	C:\WINDOWS\System32\bcryptPrimitives.dll
0x76710000 - 0x7689d000 	C:\WINDOWS\System32\USER32.dll
0x76650000 - 0x76667000 	C:\WINDOWS\System32\win32u.dll
0x76260000 - 0x76282000 	C:\WINDOWS\System32\GDI32.dll
0x75c70000 - 0x75dd4000 	C:\WINDOWS\System32\gdi32full.dll
0x76370000 - 0x763ed000 	C:\WINDOWS\System32\msvcp_win.dll
0x759e0000 - 0x75afd000 	C:\WINDOWS\System32\ucrtbase.dll
0x73df0000 - 0x73ff4000 	C:\WINDOWS\WinSxS\x86_microsoft.windows.common-controls_6595b64144ccf1df_6.0.17134.885_none_42efda1e44e17f65\COMCTL32.dll
0x77520000 - 0x7777c000 	C:\WINDOWS\System32\combase.dll
0x77950000 - 0x77976000 	C:\WINDOWS\System32\IMM32.DLL
0x6a810000 - 0x6a8cf000 	C:\Program Files (x86)\Java\jre1.8.0_221\bin\msvcr100.dll
0x6a430000 - 0x6a805000 	C:\Program Files (x86)\Java\jre1.8.0_221\bin\client\jvm.dll
0x768b0000 - 0x768b6000 	C:\WINDOWS\System32\PSAPI.DLL
0x710d0000 - 0x710d8000 	C:\WINDOWS\SYSTEM32\WSOCK32.dll
0x75b00000 - 0x75b67000 	C:\WINDOWS\System32\WS2_32.dll
0x73920000 - 0x73944000 	C:\WINDOWS\SYSTEM32\WINMM.dll
0x74280000 - 0x74288000 	C:\WINDOWS\SYSTEM32\VERSION.dll
0x738f0000 - 0x73913000 	C:\WINDOWS\SYSTEM32\WINMMBASE.dll
0x760d0000 - 0x76109000 	C:\WINDOWS\System32\cfgmgr32.dll
0x6a420000 - 0x6a42c000 	C:\Program Files (x86)\Java\jre1.8.0_221\bin\verify.dll
0x6a3f0000 - 0x6a411000 	C:\Program Files (x86)\Java\jre1.8.0_221\bin\java.dll
0x6a3d0000 - 0x6a3e4000 	C:\Program Files (x86)\Java\jre1.8.0_221\bin\zip.dll
0x74450000 - 0x7579a000 	C:\WINDOWS\System32\SHELL32.dll
0x74370000 - 0x743f8000 	C:\WINDOWS\System32\shcore.dll
0x76a20000 - 0x76fda000 	C:\WINDOWS\System32\windows.storage.dll
0x75de0000 - 0x75e25000 	C:\WINDOWS\System32\shlwapi.dll
0x765e0000 - 0x765ef000 	C:\WINDOWS\System32\kernel.appcore.dll
0x75c50000 - 0x75c68000 	C:\WINDOWS\System32\profapi.dll
0x768d0000 - 0x76915000 	C:\WINDOWS\System32\powrprof.dll
0x75e30000 - 0x75e38000 	C:\WINDOWS\System32\FLTLIB.DLL
0x6a280000 - 0x6a3c7000 	C:\Program Files (x86)\Java\jre1.8.0_221\bin\awt.dll
0x76670000 - 0x76706000 	C:\WINDOWS\System32\OLEAUT32.dll
0x742a0000 - 0x7433d000 	C:\WINDOWS\SYSTEM32\apphelp.dll
0x713e0000 - 0x71403000 	C:\WINDOWS\system32\DWMAPI.DLL
0x71410000 - 0x7148c000 	C:\WINDOWS\system32\uxtheme.dll
0x6ed20000 - 0x6edf9000 	C:\WINDOWS\system32\opengl32.dll
0x70760000 - 0x7079f000 	C:\WINDOWS\SYSTEM32\GLU32.dll
0x76110000 - 0x76253000 	C:\WINDOWS\System32\MSCTF.dll
0x76920000 - 0x76a1c000 	C:\WINDOWS\System32\ole32.dll
0x6d290000 - 0x6d3ff000 	C:\WINDOWS\system32\d3d9.dll
0x6a1b0000 - 0x6a274000 	C:\WINDOWS\System32\DriverStore\FileRepository\nv_dispi.inf_amd64_5601d21ccd639df9\nvldumd.dll
0x75f30000 - 0x760c6000 	C:\WINDOWS\System32\crypt32.dll
0x75e40000 - 0x75e4e000 	C:\WINDOWS\System32\MSASN1.dll
0x724f0000 - 0x72503000 	C:\WINDOWS\SYSTEM32\CRYPTSP.dll
0x724c0000 - 0x724ef000 	C:\WINDOWS\system32\rsaenh.dll
0x736e0000 - 0x736f9000 	C:\WINDOWS\SYSTEM32\bcrypt.dll
0x692d0000 - 0x6a1a5000 	C:\WINDOWS\System32\DriverStore\FileRepository\nv_dispi.inf_amd64_5601d21ccd639df9\nvd3dum.dll
0x690d0000 - 0x692cf000 	C:\WINDOWS\system32\nvspcap.dll
0x71f80000 - 0x71fa9000 	C:\WINDOWS\SYSTEM32\ntmarta.dll
0x68f50000 - 0x68f65000 	C:\Program Files (x86)\Java\jre1.8.0_221\bin\net.dll
0x6d0f0000 - 0x6d28d000 	C:\WINDOWS\SYSTEM32\urlmon.dll
0x72290000 - 0x724b8000 	C:\WINDOWS\SYSTEM32\iertutil.dll
0x734c0000 - 0x73516000 	C:\WINDOWS\system32\mswsock.dll
0x68f40000 - 0x68f4f000 	C:\Program Files (x86)\Java\jre1.8.0_221\bin\nio.dll
0x74250000 - 0x74271000 	C:\WINDOWS\SYSTEM32\USERENV.dll
0x74220000 - 0x74250000 	C:\WINDOWS\SYSTEM32\IPHLPAPI.DLL
0x768c0000 - 0x768c7000 	C:\WINDOWS\System32\NSI.dll
0x72250000 - 0x72263000 	C:\WINDOWS\SYSTEM32\dhcpcsvc6.DLL
0x72230000 - 0x72244000 	C:\WINDOWS\SYSTEM32\dhcpcsvc.DLL
0x1fce0000 - 0x1fd33000 	C:\Users\liseg\AppData\Local\Temp\jna233190190007752418.tmp
0x68f00000 - 0x68f3a000 	C:\Program Files (x86)\Java\jre1.8.0_221\bin\fontmanager.dll
0x63100000 - 0x6318e000 	C:\WINDOWS\SYSTEM32\mscms.dll
0x68ef0000 - 0x68efc000 	C:\WINDOWS\SYSTEM32\ColorAdapterClient.dll
0x630c0000 - 0x630fe000 	C:\WINDOWS\SYSTEM32\icm32.dll
0x6d690000 - 0x6d6e3000 	C:\WINDOWS\system32\Ninput.dll
0x6e1c0000 - 0x6e1f2000 	C:\Program Files (x86)\Java\jre1.8.0_221\bin\t2k.dll
0x6e190000 - 0x6e1b4000 	C:\Program Files (x86)\Java\jre1.8.0_221\bin\dcpr.dll
0x6dda0000 - 0x6df22000 	C:\WINDOWS\SYSTEM32\dbghelp.dll

VM Arguments:
java_command: C:\Users\liseg\OneDrive\Bureau\Baku Shimeji\Shimeji-ee.jar
java_class_path (initial): C:\Users\liseg\OneDrive\Bureau\Baku Shimeji\Shimeji-ee.jar
Launcher Type: SUN_STANDARD

Environment Variables:
PATH=C:\Program Files (x86)\Common Files\Oracle\Java\javapath;C:\windows\system32;C:\windows;C:\windows\System32\Wbem;C:\windows\System32\WindowsPowerShell\v1.0\;C:\Program Files (x86)\NVIDIA Corporation\PhysX\Common;C:\WINDOWS\system32;C:\WINDOWS;C:\WINDOWS\System32\Wbem;C:\WINDOWS\System32\WindowsPowerShell\v1.0\;C:\WINDOWS\System32\OpenSSH\;C:\Users\liseg\AppData\Local\Microsoft\WindowsApps
USERNAME=liseg
OS=Windows_NT
PROCESSOR_IDENTIFIER=AMD64 Family 23 Model 1 Stepping 1, AuthenticAMD



---------------  S Y S T E M  ---------------

OS: Windows 10.0 , 64 bit Build 17134 (10.0.17134.753)

CPU:total 8 (initial active 8) (8 cores per cpu, 1 threads per core) family 23 model 1 stepping 1, cmov, cx8, fxsr, mmx, sse, sse2, sse3, ssse3, sse4.1, sse4.2, popcnt, avx, avx2, aes, clmul, mmxext, 3dnowpref, lzcnt, sse4a, tsc, tscinvbit, tscinv, bmi1

Memory: 4k page, physical 8339264k(3032544k free), swap 17207132k(4911228k free)

vm_info: Java HotSpot(TM) Client VM (25.221-b11) for windows-x86 JRE (1.8.0_221-b11), built on Jul  4 2019 19:25:56 by "java_re" with MS VC++ 10.0 (VS2010)

time: Fri Aug 09 00:21:50 2019
timezone: Paris, Madrid (heure d’été)
elapsed time: 22191 seconds (0d 6h 9m 51s)

