#
# A fatal error has been detected by the Java Runtime Environment:
#
#  EXCEPTION_ACCESS_VIOLATION (0xc0000005) at pc=0x6c977c09, pid=8032, tid=0x00001ffc
#
# JRE version: Java(TM) SE Runtime Environment (8.0_221-b11) (build 1.8.0_221-b11)
# Java VM: Java HotSpot(TM) Client VM (25.221-b11 mixed mode windows-x86 )
# Problematic frame:
# V  [jvm.dll+0xd7c09]
#
# Failed to write core dump. Minidumps are not enabled by default on client versions of Windows
#
# If you would like to submit a bug report, please visit:
#   http://bugreport.java.com/bugreport/crash.jsp
#

---------------  T H R E A D  ---------------

Current thread (0x1f7dec00):  JavaThread "Thread-7" [_thread_in_vm, id=8188, stack(0x20d00000,0x20d50000)]

siginfo: ExceptionCode=0xc0000005, reading address 0x00000000

Registers:
EAX=0x00000000, EBX=0x09d3a401, ECX=0x00000000, EDX=0x6cbfd7c8
ESP=0x20d4ec3c, EBP=0x20d4ec48, ESI=0x1eb15328, EDI=0x1f7dec00
EIP=0x6c977c09, EFLAGS=0x00010206

Top of Stack: (sp=0x20d4ec3c)
0x20d4ec3c:   1f7dec00 04b09640 09d3a480 20d4eec8
0x20d4ec4c:   1ff91528 1f7ded40 1eb15328 00000000
0x20d4ec5c:   00000000 00000000 20d4ec78 00000000
0x20d4ec6c:   1ff91451 20d4ec90 20d4ec8c 20d4f260
0x20d4ec7c:   02637c08 00b2efa4 00000000 00000000
0x20d4ec8c:   1ff9141e 20d4ecc4 6c8a7353 1f7dec00
0x20d4ec9c:   a6905f61 00000004 1f7dec00 09d3a480
0x20d4ecac:   20d4ec9c 1f7dec00 20d4f53c 6cb63b2a 

Instructions: (pc=0x6c977c09)
0x6c977be9:   20 0a 00 33 ff eb 02 8b f9 6a 06 57 e8 06 f8 f2
0x6c977bf9:   ff 8b 75 0c 83 c4 08 b3 01 85 f6 74 39 8b 45 10
0x6c977c09:   8b 00 50 32 db e8 4d b1 f6 ff 83 c4 04 85 c0 74
0x6c977c19:   25 8b 0e 8b 49 04 8b 50 08 39 04 0a 75 04 b0 01 


Register to memory mapping:

EAX=0x00000000 is an unknown value
EBX=0x09d3a401 is pointing into object: 0x09d3a3e8
com.sun.jna.Function 
 - klass: 'com/sun/jna/Function'
ECX=0x00000000 is an unknown value
EDX=0x6cbfd7c8 is an unknown value
ESP=0x20d4ec3c is pointing into the stack for thread: 0x1f7dec00
EBP=0x20d4ec48 is pointing into the stack for thread: 0x1f7dec00
ESI=0x1eb15328 is an unknown value
EDI=0x1f7dec00 is a thread


Stack: [0x20d00000,0x20d50000],  sp=0x20d4ec3c,  free space=315k
Native frames: (J=compiled Java code, j=interpreted, Vv=VM code, C=native code)
V  [jvm.dll+0xd7c09]
C  [jna8927620760298767404.tmp+0x1528]
C  [jna8927620760298767404.tmp+0x2881]
J 1232  com.sun.jna.Function.invokeInt(I[Ljava/lang/Object;)I (0 bytes) @ 0x027f066d [0x027f05d0+0x9d]
J 1215 C1 com.sun.jna.Function.invoke([Ljava/lang/Object;Ljava/lang/Class;Z)Ljava/lang/Object; (1141 bytes) @ 0x027e54c0 [0x027e3c20+0x18a0]
J 345 C1 com.sun.jna.Function.invoke(Ljava/lang/Class;[Ljava/lang/Object;Ljava/util/Map;)Ljava/lang/Object; (572 bytes) @ 0x026bf4fc [0x026bf070+0x48c]
J 1222 C1 com.sun.jna.Library$Handler.invoke(Ljava/lang/Object;Ljava/lang/reflect/Method;[Ljava/lang/Object;)Ljava/lang/Object; (348 bytes) @ 0x027ed154 [0x027ec940+0x814]
j  com.sun.proxy.$Proxy0.SystemParametersInfoW(IILcom/group_finity/mascot/win/jna/RECT;I)I+38
J 6412 C1 com.group_finity.mascot.win.WindowsEnvironment.getWorkAreaRect()Ljava/awt/Rectangle; (56 bytes) @ 0x0286e930 [0x0286e8a0+0x90]
J 1738 C1 com.group_finity.mascot.win.WindowsEnvironment.tick()V (72 bytes) @ 0x0286498c [0x02864900+0x8c]
J 1470 C1 com.group_finity.mascot.Manager.tick()V (230 bytes) @ 0x02818874 [0x02818840+0x34]
J 1447% C1 com.group_finity.mascot.Manager$2.run()V (70 bytes) @ 0x02814c70 [0x02814b70+0x100]
v  ~StubRoutines::call_stub
V  [jvm.dll+0x15c435]
V  [jvm.dll+0x2252be]
V  [jvm.dll+0x15c4ce]
V  [jvm.dll+0x15c656]
V  [jvm.dll+0x15c6c7]
V  [jvm.dll+0x10016f]
V  [jvm.dll+0x17f670]
V  [jvm.dll+0x17feea]
V  [jvm.dll+0x1c6b66]
C  [msvcr100.dll+0x5c556]
C  [msvcr100.dll+0x5c600]
C  [KERNEL32.DLL+0x18494]
C  [ntdll.dll+0x641c8]
C  [ntdll.dll+0x64198]
C  0x00000000

Java frames: (J=compiled Java code, j=interpreted, Vv=VM code)
J 1232  com.sun.jna.Function.invokeInt(I[Ljava/lang/Object;)I (0 bytes) @ 0x027f0629 [0x027f05d0+0x59]
J 1215 C1 com.sun.jna.Function.invoke([Ljava/lang/Object;Ljava/lang/Class;Z)Ljava/lang/Object; (1141 bytes) @ 0x027e54c0 [0x027e3c20+0x18a0]
J 345 C1 com.sun.jna.Function.invoke(Ljava/lang/Class;[Ljava/lang/Object;Ljava/util/Map;)Ljava/lang/Object; (572 bytes) @ 0x026bf4fc [0x026bf070+0x48c]
J 1222 C1 com.sun.jna.Library$Handler.invoke(Ljava/lang/Object;Ljava/lang/reflect/Method;[Ljava/lang/Object;)Ljava/lang/Object; (348 bytes) @ 0x027ed154 [0x027ec940+0x814]
j  com.sun.proxy.$Proxy0.SystemParametersInfoW(IILcom/group_finity/mascot/win/jna/RECT;I)I+38
J 6412 C1 com.group_finity.mascot.win.WindowsEnvironment.getWorkAreaRect()Ljava/awt/Rectangle; (56 bytes) @ 0x0286e930 [0x0286e8a0+0x90]
J 1738 C1 com.group_finity.mascot.win.WindowsEnvironment.tick()V (72 bytes) @ 0x0286498c [0x02864900+0x8c]
J 1470 C1 com.group_finity.mascot.Manager.tick()V (230 bytes) @ 0x02818874 [0x02818840+0x34]
J 1447% C1 com.group_finity.mascot.Manager$2.run()V (70 bytes) @ 0x02814c70 [0x02814b70+0x100]
v  ~StubRoutines::call_stub

---------------  P R O C E S S  ---------------

Java Threads: ( => current thread )
  0x1f6c9400 JavaThread "Thread-2" daemon [_thread_in_native, id=15056, stack(0x20370000,0x203c0000)]
  0x1e83ac00 JavaThread "Thread-5" [_thread_in_native, id=20160, stack(0x20250000,0x202a0000)]
  0x1e830c00 JavaThread "SIGTERM handler" daemon [_thread_blocked, id=11224, stack(0x163d0000,0x16420000)]
  0x0257c800 JavaThread "DestroyJavaVM" [_thread_blocked, id=16300, stack(0x023f0000,0x02440000)]
=>0x1f7dec00 JavaThread "Thread-7" [_thread_in_vm, id=8188, stack(0x20d00000,0x20d50000)]
  0x1f78fc00 JavaThread "AWT-EventQueue-0" [_thread_in_native, id=13348, stack(0x1f160000,0x1f1b0000)]
  0x1f78b800 JavaThread "AWT-Shutdown" [_thread_blocked, id=8092, stack(0x1f0d0000,0x1f120000)]
  0x1f77cc00 JavaThread "Thread-4" daemon [_thread_blocked, id=10252, stack(0x1ff40000,0x1ff90000)]
  0x14db4800 JavaThread "AWT-Windows" daemon [_thread_in_native, id=8480, stack(0x15600000,0x15650000)]
  0x14db3000 JavaThread "Java2D Disposer" daemon [_thread_blocked, id=13340, stack(0x154e0000,0x15530000)]
  0x14d5fc00 JavaThread "Thread-1" daemon [_thread_blocked, id=18368, stack(0x15330000,0x15380000)]
  0x14c32400 JavaThread "Service Thread" daemon [_thread_blocked, id=20384, stack(0x15210000,0x15260000)]
  0x14c06c00 JavaThread "C1 CompilerThread0" daemon [_thread_blocked, id=4132, stack(0x15180000,0x151d0000)]
  0x14c05400 JavaThread "Attach Listener" daemon [_thread_blocked, id=15352, stack(0x150f0000,0x15140000)]
  0x14c03400 JavaThread "Signal Dispatcher" daemon [_thread_blocked, id=19056, stack(0x15060000,0x150b0000)]
  0x14bfa400 JavaThread "Finalizer" daemon [_thread_blocked, id=11976, stack(0x14eb0000,0x14f00000)]
  0x14be4800 JavaThread "Reference Handler" daemon [_thread_blocked, id=17844, stack(0x14e20000,0x14e70000)]

Other Threads:
  0x0253d000 VMThread [stack: 0x14b90000,0x14be0000] [id=5224]
  0x14c3e000 WatcherThread [stack: 0x152a0000,0x152f0000] [id=14744]

VM state:not at safepoint (normal execution)

VM Mutex/Monitor currently owned by a thread: None

Heap:
 def new generation   total 9792K, used 6662K [0x04600000, 0x05090000, 0x09b50000)
  eden space 8768K,  64% used [0x04600000, 0x04b8c2a8, 0x04e90000)
  from space 1024K,  95% used [0x04f90000, 0x050855b8, 0x05090000)
  to   space 1024K,   0% used [0x04e90000, 0x04e90000, 0x04f90000)
 tenured generation   total 21544K, used 17872K [0x09b50000, 0x0b05a000, 0x14600000)
   the space 21544K,  82% used [0x09b50000, 0x0acc4190, 0x0acc4200, 0x0b05a000)
 Metaspace       used 12033K, capacity 13135K, committed 13184K, reserved 13696K

Card table byte_map: [0x14600000,0x14690000] byte_map_base: 0x145dd000

Polling page: 0x00660000

CodeCache: size=32768Kb used=2041Kb max_used=3463Kb free=30726Kb
 bounds [0x02580000, 0x028e8000, 0x04580000]
 total_blobs=1358 nmethods=1110 adapters=178
 compilation: enabled

Compilation events (10 events):
Event: 3515.917 Thread 0x14c06c00 6762             com.group_finity.mascot.environment.Area::setTop (6 bytes)
Event: 3515.917 Thread 0x14c06c00 nmethod 6762 0x0263a088 code [0x0263a180, 0x0263a200]
Event: 3515.917 Thread 0x14c06c00 6763             com.group_finity.mascot.environment.Area::setRight (6 bytes)
Event: 3515.917 Thread 0x14c06c00 nmethod 6763 0x02765f08 code [0x02766000, 0x02766080]
Event: 3515.917 Thread 0x14c06c00 6764             com.group_finity.mascot.environment.Area::setBottom (6 bytes)
Event: 3515.917 Thread 0x14c06c00 nmethod 6764 0x02765d48 code [0x02765e40, 0x02765ec0]
Event: 3517.876 Thread 0x14c06c00 6765             java.util.IdentityHashMap::size (5 bytes)
Event: 3517.876 Thread 0x14c06c00 nmethod 6765 0x02787808 code [0x02787900, 0x02787980]
Event: 3518.835 Thread 0x14c06c00 6766             com.group_finity.mascot.Mascot::isLookRight (5 bytes)
Event: 3518.835 Thread 0x14c06c00 nmethod 6766 0x02787648 code [0x02787740, 0x027877c0]

GC Heap History (10 events):
Event: 3497.488 GC heap before
{Heap before GC invocations=1241 (full 14):
 def new generation   total 9792K, used 9186K [0x04600000, 0x05090000, 0x09b50000)
  eden space 8768K, 100% used [0x04600000, 0x04e90000, 0x04e90000)
  from space 1024K,  40% used [0x04e90000, 0x04ef8a50, 0x04f90000)
  to   space 1024K,   0% used [0x04f90000, 0x04f90000, 0x05090000)
 tenured generation   total 21544K, used 17804K [0x09b50000, 0x0b05a000, 0x14600000)
   the space 21544K,  82% used [0x09b50000, 0x0acb3028, 0x0acb3200, 0x0b05a000)
 Metaspace       used 12001K, capacity 13103K, committed 13184K, reserved 13696K
Event: 3497.489 GC heap after
Heap after GC invocations=1242 (full 14):
 def new generation   total 9792K, used 417K [0x04600000, 0x05090000, 0x09b50000)
  eden space 8768K,   0% used [0x04600000, 0x04600000, 0x04e90000)
  from space 1024K,  40% used [0x04f90000, 0x04ff8768, 0x05090000)
  to   space 1024K,   0% used [0x04e90000, 0x04e90000, 0x04f90000)
 tenured generation   total 21544K, used 17804K [0x09b50000, 0x0b05a000, 0x14600000)
   the space 21544K,  82% used [0x09b50000, 0x0acb3028, 0x0acb3200, 0x0b05a000)
 Metaspace       used 12001K, capacity 13103K, committed 13184K, reserved 13696K
}
Event: 3499.848 GC heap before
{Heap before GC invocations=1242 (full 14):
 def new generation   total 9792K, used 9185K [0x04600000, 0x05090000, 0x09b50000)
  eden space 8768K, 100% used [0x04600000, 0x04e90000, 0x04e90000)
  from space 1024K,  40% used [0x04f90000, 0x04ff8768, 0x05090000)
  to   space 1024K,   0% used [0x04e90000, 0x04e90000, 0x04f90000)
 tenured generation   total 21544K, used 17804K [0x09b50000, 0x0b05a000, 0x14600000)
   the space 21544K,  82% used [0x09b50000, 0x0acb3028, 0x0acb3200, 0x0b05a000)
 Metaspace       used 12001K, capacity 13103K, committed 13184K, reserved 13696K
Event: 3499.850 GC heap after
Heap after GC invocations=1243 (full 14):
 def new generation   total 9792K, used 416K [0x04600000, 0x05090000, 0x09b50000)
  eden space 8768K,   0% used [0x04600000, 0x04600000, 0x04e90000)
  from space 1024K,  40% used [0x04e90000, 0x04ef8130, 0x04f90000)
  to   space 1024K,   0% used [0x04f90000, 0x04f90000, 0x05090000)
 tenured generation   total 21544K, used 17804K [0x09b50000, 0x0b05a000, 0x14600000)
   the space 21544K,  82% used [0x09b50000, 0x0acb3028, 0x0acb3200, 0x0b05a000)
 Metaspace       used 12001K, capacity 13103K, committed 13184K, reserved 13696K
}
Event: 3502.837 GC heap before
{Heap before GC invocations=1243 (full 14):
 def new generation   total 9792K, used 9184K [0x04600000, 0x05090000, 0x09b50000)
  eden space 8768K, 100% used [0x04600000, 0x04e90000, 0x04e90000)
  from space 1024K,  40% used [0x04e90000, 0x04ef8130, 0x04f90000)
  to   space 1024K,   0% used [0x04f90000, 0x04f90000, 0x05090000)
 tenured generation   total 21544K, used 17804K [0x09b50000, 0x0b05a000, 0x14600000)
   the space 21544K,  82% used [0x09b50000, 0x0acb3028, 0x0acb3200, 0x0b05a000)
 Metaspace       used 12001K, capacity 13103K, committed 13184K, reserved 13696K
Event: 3502.839 GC heap after
Heap after GC invocations=1244 (full 14):
 def new generation   total 9792K, used 472K [0x04600000, 0x05090000, 0x09b50000)
  eden space 8768K,   0% used [0x04600000, 0x04600000, 0x04e90000)
  from space 1024K,  46% used [0x04f90000, 0x050060e8, 0x05090000)
  to   space 1024K,   0% used [0x04e90000, 0x04e90000, 0x04f90000)
 tenured generation   total 21544K, used 17804K [0x09b50000, 0x0b05a000, 0x14600000)
   the space 21544K,  82% used [0x09b50000, 0x0acb3028, 0x0acb3200, 0x0b05a000)
 Metaspace       used 12001K, capacity 13103K, committed 13184K, reserved 13696K
}
Event: 3509.240 GC heap before
{Heap before GC invocations=1244 (full 14):
 def new generation   total 9792K, used 9240K [0x04600000, 0x05090000, 0x09b50000)
  eden space 8768K, 100% used [0x04600000, 0x04e90000, 0x04e90000)
  from space 1024K,  46% used [0x04f90000, 0x050060e8, 0x05090000)
  to   space 1024K,   0% used [0x04e90000, 0x04e90000, 0x04f90000)
 tenured generation   total 21544K, used 17804K [0x09b50000, 0x0b05a000, 0x14600000)
   the space 21544K,  82% used [0x09b50000, 0x0acb3028, 0x0acb3200, 0x0b05a000)
 Metaspace       used 12001K, capacity 13103K, committed 13184K, reserved 13696K
Event: 3509.242 GC heap after
Heap after GC invocations=1245 (full 14):
 def new generation   total 9792K, used 1023K [0x04600000, 0x05090000, 0x09b50000)
  eden space 8768K,   0% used [0x04600000, 0x04600000, 0x04e90000)
  from space 1024K,  99% used [0x04e90000, 0x04f8ffd0, 0x04f90000)
  to   space 1024K,   0% used [0x04f90000, 0x04f90000, 0x05090000)
 tenured generation   total 21544K, used 17820K [0x09b50000, 0x0b05a000, 0x14600000)
   the space 21544K,  82% used [0x09b50000, 0x0acb7168, 0x0acb7200, 0x0b05a000)
 Metaspace       used 12001K, capacity 13103K, committed 13184K, reserved 13696K
}
Event: 3515.635 GC heap before
{Heap before GC invocations=1245 (full 14):
 def new generation   total 9792K, used 9791K [0x04600000, 0x05090000, 0x09b50000)
  eden space 8768K, 100% used [0x04600000, 0x04e90000, 0x04e90000)
  from space 1024K,  99% used [0x04e90000, 0x04f8ffd0, 0x04f90000)
  to   space 1024K,   0% used [0x04f90000, 0x04f90000, 0x05090000)
 tenured generation   total 21544K, used 17820K [0x09b50000, 0x0b05a000, 0x14600000)
   the space 21544K,  82% used [0x09b50000, 0x0acb7168, 0x0acb7200, 0x0b05a000)
 Metaspace       used 12001K, capacity 13103K, committed 13184K, reserved 13696K
Event: 3515.638 GC heap after
Heap after GC invocations=1246 (full 14):
 def new generation   total 9792K, used 981K [0x04600000, 0x05090000, 0x09b50000)
  eden space 8768K,   0% used [0x04600000, 0x04600000, 0x04e90000)
  from space 1024K,  95% used [0x04f90000, 0x050855b8, 0x05090000)
  to   space 1024K,   0% used [0x04e90000, 0x04e90000, 0x04f90000)
 tenured generation   total 21544K, used 17872K [0x09b50000, 0x0b05a000, 0x14600000)
   the space 21544K,  82% used [0x09b50000, 0x0acc4190, 0x0acc4200, 0x0b05a000)
 Metaspace       used 12001K, capacity 13103K, committed 13184K, reserved 13696K
}

Deoptimization events (0 events):
No events

Classes redefined (0 events):
No events

Internal exceptions (10 events):
Event: 0.102 Thread 0x0257c800 Exception <a 'java/security/PrivilegedActionException'> (0x0470b228) thrown at [C:\re\workspace\8-2-build-windows-i586-cygwin\jdk8u221\13320\hotspot\src\share\vm\prims\jvm.cpp, line 1502]
Event: 0.103 Thread 0x0257c800 Exception <a 'java/security/PrivilegedActionException'> (0x0470f060) thrown at [C:\re\workspace\8-2-build-windows-i586-cygwin\jdk8u221\13320\hotspot\src\share\vm\prims\jvm.cpp, line 1502]
Event: 0.103 Thread 0x0257c800 Exception <a 'java/security/PrivilegedActionException'> (0x0470f260) thrown at [C:\re\workspace\8-2-build-windows-i586-cygwin\jdk8u221\13320\hotspot\src\share\vm\prims\jvm.cpp, line 1502]
Event: 0.130 Thread 0x0257c800 Exception <a 'java/io/FileNotFoundException'> (0x047311a8) thrown at [C:\re\workspace\8-2-build-windows-i586-cygwin\jdk8u221\13320\hotspot\src\share\vm\prims\jni.cpp, line 710]
Event: 0.161 Thread 0x0257c800 Exception <a 'java/lang/NoSuchFieldError': method resolution failed> (0x047ee690) thrown at [C:\re\workspace\8-2-build-windows-i586-cygwin\jdk8u221\13320\hotspot\src\share\vm\prims\methodHandles.cpp, line 1167]
Event: 0.162 Thread 0x0257c800 Exception <a 'java/lang/NoSuchFieldError': method resolution failed> (0x047fa858) thrown at [C:\re\workspace\8-2-build-windows-i586-cygwin\jdk8u221\13320\hotspot\src\share\vm\prims\methodHandles.cpp, line 1167]
Event: 0.195 Thread 0x0257c800 Exception <a 'java/io/FileNotFoundException'> (0x04893f88) thrown at [C:\re\workspace\8-2-build-windows-i586-cygwin\jdk8u221\13320\hotspot\src\share\vm\prims\jni.cpp, line 710]
Event: 0.333 Thread 0x0257c800 Exception <a 'java/io/FileNotFoundException'> (0x04964468) thrown at [C:\re\workspace\8-2-build-windows-i586-cygwin\jdk8u221\13320\hotspot\src\share\vm\prims\jni.cpp, line 710]
Event: 0.333 Thread 0x0257c800 Exception <a 'java/io/FileNotFoundException'> (0x04966ac8) thrown at [C:\re\workspace\8-2-build-windows-i586-cygwin\jdk8u221\13320\hotspot\src\share\vm\prims\jni.cpp, line 710]
Event: 2.858 Thread 0x0257c800 Exception <a 'java/lang/ClassNotFoundException': jdk/nashorn/internal/runtime/ScriptFunction> (0x049deda8) thrown at [C:\re\workspace\8-2-build-windows-i586-cygwin\jdk8u221\13320\hotspot\src\share\vm\classfile\systemDictionary.cpp, line 210]

Events (10 events):
Event: 3519.793 Thread 0x1f7b2800 Thread exited: 0x1f7b2800
Event: 3519.825 loading class sun/awt/AWTAccessor$SequencedEventAccessor done
Event: 3519.825 loading class java/awt/SequencedEvent$1 done
Event: 3519.825 loading class java/lang/ProcessBuilder done
Event: 3519.826 loading class java/lang/ProcessImpl
Event: 3519.826 Executing VM operation: RevokeBias
Event: 3519.826 Executing VM operation: RevokeBias done
Event: 3519.826 loading class java/awt/KeyboardFocusManager$2
Event: 3519.826 loading class java/lang/Process
Event: 3519.848 loading class sun/java2d/pipe/hw/AccelDeviceEventNotifier


Dynamic libraries:
0x003d0000 - 0x00403000 	C:\Program Files (x86)\Java\jre1.8.0_221\bin\javaw.exe
0x77450000 - 0x775e0000 	C:\WINDOWS\SYSTEM32\ntdll.dll
0x762e0000 - 0x763c0000 	C:\WINDOWS\System32\KERNEL32.DLL
0x6e5f0000 - 0x6e600000 	C:\Program Files\AVAST Software\Avast\x86\aswhook.dll
0x73d30000 - 0x73f14000 	C:\WINDOWS\System32\KERNELBASE.dll
0x766d0000 - 0x76748000 	C:\WINDOWS\System32\ADVAPI32.dll
0x761d0000 - 0x7628f000 	C:\WINDOWS\System32\msvcrt.dll
0x74130000 - 0x74174000 	C:\WINDOWS\System32\sechost.dll
0x760e0000 - 0x761a0000 	C:\WINDOWS\System32\RPCRT4.dll
0x73d10000 - 0x73d30000 	C:\WINDOWS\System32\SspiCli.dll
0x73d00000 - 0x73d0a000 	C:\WINDOWS\System32\CRYPTBASE.dll
0x73f30000 - 0x73f87000 	C:\WINDOWS\System32\bcryptPrimitives.dll
0x74620000 - 0x747ad000 	C:\WINDOWS\System32\USER32.dll
0x74300000 - 0x74317000 	C:\WINDOWS\System32\win32u.dll
0x74d60000 - 0x74d82000 	C:\WINDOWS\System32\GDI32.dll
0x74180000 - 0x742e4000 	C:\WINDOWS\System32\gdi32full.dll
0x74c40000 - 0x74cbd000 	C:\WINDOWS\System32\msvcp_win.dll
0x77000000 - 0x7711d000 	C:\WINDOWS\System32\ucrtbase.dll
0x73aa0000 - 0x73ca4000 	C:\WINDOWS\WinSxS\x86_microsoft.windows.common-controls_6595b64144ccf1df_6.0.17134.885_none_42efda1e44e17f65\COMCTL32.dll
0x767e0000 - 0x76a3c000 	C:\WINDOWS\System32\combase.dll
0x761a0000 - 0x761c6000 	C:\WINDOWS\System32\IMM32.DLL
0x6cc80000 - 0x6cd3f000 	C:\Program Files (x86)\Java\jre1.8.0_221\bin\msvcr100.dll
0x6c8a0000 - 0x6cc75000 	C:\Program Files (x86)\Java\jre1.8.0_221\bin\client\jvm.dll
0x74d50000 - 0x74d56000 	C:\WINDOWS\System32\PSAPI.DLL
0x70990000 - 0x70998000 	C:\WINDOWS\SYSTEM32\WSOCK32.dll
0x772f0000 - 0x77357000 	C:\WINDOWS\System32\WS2_32.dll
0x731f0000 - 0x73214000 	C:\WINDOWS\SYSTEM32\WINMM.dll
0x73ce0000 - 0x73ce8000 	C:\WINDOWS\SYSTEM32\VERSION.dll
0x73110000 - 0x73133000 	C:\WINDOWS\SYSTEM32\WINMMBASE.dll
0x740f0000 - 0x74129000 	C:\WINDOWS\System32\cfgmgr32.dll
0x6c890000 - 0x6c89c000 	C:\Program Files (x86)\Java\jre1.8.0_221\bin\verify.dll
0x6c860000 - 0x6c881000 	C:\Program Files (x86)\Java\jre1.8.0_221\bin\java.dll
0x6c840000 - 0x6c854000 	C:\Program Files (x86)\Java\jre1.8.0_221\bin\zip.dll
0x74d90000 - 0x760da000 	C:\WINDOWS\System32\SHELL32.dll
0x74420000 - 0x744a8000 	C:\WINDOWS\System32\shcore.dll
0x76a40000 - 0x76ffa000 	C:\WINDOWS\System32\windows.storage.dll
0x740a0000 - 0x740e5000 	C:\WINDOWS\System32\shlwapi.dll
0x73f20000 - 0x73f2f000 	C:\WINDOWS\System32\kernel.appcore.dll
0x74320000 - 0x74338000 	C:\WINDOWS\System32\profapi.dll
0x73fa0000 - 0x73fe5000 	C:\WINDOWS\System32\powrprof.dll
0x74090000 - 0x74098000 	C:\WINDOWS\System32\FLTLIB.DLL
0x6c6f0000 - 0x6c837000 	C:\Program Files (x86)\Java\jre1.8.0_221\bin\awt.dll
0x73ff0000 - 0x74086000 	C:\WINDOWS\System32\OLEAUT32.dll
0x70750000 - 0x707ed000 	C:\WINDOWS\SYSTEM32\apphelp.dll
0x70ca0000 - 0x70cc3000 	C:\WINDOWS\system32\DWMAPI.DLL
0x70cd0000 - 0x70d4c000 	C:\WINDOWS\system32\uxtheme.dll
0x6fe90000 - 0x6ff69000 	C:\WINDOWS\system32\opengl32.dll
0x703d0000 - 0x7040f000 	C:\WINDOWS\SYSTEM32\GLU32.dll
0x77180000 - 0x772c3000 	C:\WINDOWS\System32\MSCTF.dll
0x744c0000 - 0x745bc000 	C:\WINDOWS\System32\ole32.dll
0x6c580000 - 0x6c6ef000 	C:\WINDOWS\system32\d3d9.dll
0x6c4b0000 - 0x6c574000 	C:\WINDOWS\System32\DriverStore\FileRepository\nv_dispi.inf_amd64_5601d21ccd639df9\nvldumd.dll
0x76530000 - 0x766c6000 	C:\WINDOWS\System32\crypt32.dll
0x744b0000 - 0x744be000 	C:\WINDOWS\System32\MSASN1.dll
0x72620000 - 0x72633000 	C:\WINDOWS\SYSTEM32\CRYPTSP.dll
0x725f0000 - 0x7261f000 	C:\WINDOWS\system32\rsaenh.dll
0x73240000 - 0x73259000 	C:\WINDOWS\SYSTEM32\bcrypt.dll
0x6a800000 - 0x6b6d5000 	C:\WINDOWS\System32\DriverStore\FileRepository\nv_dispi.inf_amd64_5601d21ccd639df9\nvd3dum.dll
0x6c2b0000 - 0x6c4af000 	C:\WINDOWS\system32\nvspcap.dll
0x719d0000 - 0x719f9000 	C:\WINDOWS\SYSTEM32\ntmarta.dll
0x6c290000 - 0x6c2a5000 	C:\Program Files (x86)\Java\jre1.8.0_221\bin\net.dll
0x6cd90000 - 0x6cf2d000 	C:\WINDOWS\SYSTEM32\urlmon.dll
0x721c0000 - 0x723e8000 	C:\WINDOWS\SYSTEM32\iertutil.dll
0x728d0000 - 0x72926000 	C:\WINDOWS\system32\mswsock.dll
0x6c280000 - 0x6c28f000 	C:\Program Files (x86)\Java\jre1.8.0_221\bin\nio.dll
0x733e0000 - 0x73401000 	C:\WINDOWS\SYSTEM32\USERENV.dll
0x73410000 - 0x73440000 	C:\WINDOWS\SYSTEM32\IPHLPAPI.DLL
0x742f0000 - 0x742f7000 	C:\WINDOWS\System32\NSI.dll
0x72670000 - 0x72683000 	C:\WINDOWS\SYSTEM32\dhcpcsvc6.DLL
0x72640000 - 0x72654000 	C:\WINDOWS\SYSTEM32\dhcpcsvc.DLL
0x1ff90000 - 0x1ffe3000 	C:\Users\liseg\AppData\Local\Temp\jna8927620760298767404.tmp
0x6d270000 - 0x6d2aa000 	C:\Program Files (x86)\Java\jre1.8.0_221\bin\fontmanager.dll
0x6d1e0000 - 0x6d26e000 	C:\WINDOWS\SYSTEM32\mscms.dll
0x6fae0000 - 0x6faec000 	C:\WINDOWS\SYSTEM32\ColorAdapterClient.dll
0x6d1a0000 - 0x6d1de000 	C:\WINDOWS\SYSTEM32\icm32.dll
0x72bd0000 - 0x72d52000 	C:\WINDOWS\SYSTEM32\dbghelp.dll

VM Arguments:
java_command: C:\Users\liseg\OneDrive\Bureau\Baku Shimeji\Shimeji-ee.jar
java_class_path (initial): C:\Users\liseg\OneDrive\Bureau\Baku Shimeji\Shimeji-ee.jar
Launcher Type: SUN_STANDARD

Environment Variables:
PATH=C:\Program Files (x86)\Common Files\Oracle\Java\javapath;C:\windows\system32;C:\windows;C:\windows\System32\Wbem;C:\windows\System32\WindowsPowerShell\v1.0\;C:\Program Files (x86)\NVIDIA Corporation\PhysX\Common;C:\WINDOWS\system32;C:\WINDOWS;C:\WINDOWS\System32\Wbem;C:\WINDOWS\System32\WindowsPowerShell\v1.0\;C:\WINDOWS\System32\OpenSSH\;C:\Users\liseg\AppData\Local\Microsoft\WindowsApps
USERNAME=liseg
OS=Windows_NT
PROCESSOR_IDENTIFIER=AMD64 Family 23 Model 1 Stepping 1, AuthenticAMD



---------------  S Y S T E M  ---------------

OS: Windows 10.0 , 64 bit Build 17134 (10.0.17134.753)

CPU:total 8 (initial active 8) (8 cores per cpu, 1 threads per core) family 23 model 1 stepping 1, cmov, cx8, fxsr, mmx, sse, sse2, sse3, ssse3, sse4.1, sse4.2, popcnt, avx, avx2, aes, clmul, mmxext, 3dnowpref, lzcnt, sse4a, tsc, tscinvbit, tscinv, bmi1

Memory: 4k page, physical 8339264k(4960084k free), swap 19104380k(13839644k free)

vm_info: Java HotSpot(TM) Client VM (25.221-b11) for windows-x86 JRE (1.8.0_221-b11), built on Jul  4 2019 19:25:56 by "java_re" with MS VC++ 10.0 (VS2010)

time: Thu Aug 08 18:08:43 2019
timezone: Paris, Madrid (heure d’été)
elapsed time: 3520 seconds (0d 0h 58m 40s)

